#
# A fatal error has been detected by the Java Runtime Environment:
#
#  EXCEPTION_ACCESS_VIOLATION (0xc0000005) at pc=0x0000000002d4f615, pid=300, tid=8884
#
# JRE version: Java(TM) SE Runtime Environment (7.0_71-b14) (build 1.7.0_71-b14)
# Java VM: Java HotSpot(TM) 64-Bit Server VM (24.71-b01 mixed mode windows-amd64 compressed oops)
# Problematic frame:
# j  scala.runtime.BoxesRunTime.equals2(Ljava/lang/Object;Ljava/lang/Object;)Z+1
#
# Failed to write core dump. Minidumps are not enabled by default on client versions of Windows
#
# If you would like to submit a bug report, please visit:
#   http://bugreport.sun.com/bugreport/crash.jsp
#

---------------  T H R E A D  ---------------

Current thread (0x00000000121a6000):  JavaThread "pool-1-thread-1" [_thread_in_Java, id=8884, stack(0x0000000012930000,0x0000000012a30000)]

siginfo: ExceptionCode=0xc0000005, reading address 0x0000000000001bc0

Registers:
RAX=0x00000006fc49a6f0, RBX=0x0000000000000025, RCX=0x00000000121a6000, RDX=0x0000000000001bb8
RSP=0x0000000012a2e2c8, RBP=0x0000000012a2e308, RSI=0x00000000df937eaa, RDI=0x0000000002d362d3
R8 =0x0000000000000002, R9 =0x0000000000000001, R10=0x0000000000000000, R11=0x0000000011f64f98
R12=0x0000000000000000, R13=0x00000006fc992061, R14=0x0000000012a2e320, R15=0x00000000121a6000
RIP=0x0000000002d4f615, EFLAGS=0x0000000000010246

Top of Stack: (sp=0x0000000012a2e2c8)
0x0000000012a2e2c8:   0000000012a2e2c8 00000006fc992061
0x0000000012a2e2d8:   0000000012a2e320 00000006fc996718
0x0000000012a2e2e8:   0000000000000000 00000006fc9920c0
0x0000000012a2e2f8:   0000000000000000 0000000012a2e318
0x0000000012a2e308:   0000000012a2e368 0000000002d363f0
0x0000000012a2e318:   0000000000000000 0000000000001bb8
0x0000000012a2e328:   0000000012a2e328 00000006fc991f61
0x0000000012a2e338:   0000000012a2e380 00000006fc996718
0x0000000012a2e348:   0000000000000000 00000006fc991f88
0x0000000012a2e358:   0000000012a2e318 0000000012a2e378
0x0000000012a2e368:   0000000012a2e3c8 0000000002d363f0
0x0000000012a2e378:   0000000000000000 0000000000001bb8
0x0000000012a2e388:   0000000012a2e388 00000006fcbf7b3a
0x0000000012a2e398:   0000000012a2e3f0 00000006fcbf9830
0x0000000012a2e3a8:   0000000000000000 00000006fcbf7b90
0x0000000012a2e3b8:   0000000012a2e378 0000000012a2e3e8 

Instructions: (pc=0x0000000002d4f615)
0x0000000002d4f5f5:   87 28 02 00 00 49 ba 00 00 00 00 00 00 00 00 4d
0x0000000002d4f605:   89 97 28 02 00 00 4c 8b 6d c8 4c 8b 75 d0 c3 5a
0x0000000002d4f615:   8b 52 08 48 c1 e2 03 eb 0c 8b 50 08 48 c1 e2 03
0x0000000002d4f625:   48 8b 44 d9 40 48 8b 4d e0 48 85 c9 0f 84 8a 00 


Register to memory mapping:

RAX=0x00000006fc49a6f0 is an oop
{instance class} 
 - klass: {other class}
RBX=0x0000000000000025 is an unknown value
RCX=0x00000000121a6000 is a thread
RDX=0x0000000000001bb8 is an unknown value
RSP=0x0000000012a2e2c8 is pointing into the stack for thread: 0x00000000121a6000
RBP=0x0000000012a2e308 is pointing into the stack for thread: 0x00000000121a6000
RSI=0x00000000df937eaa is an unknown value
RDI=0x0000000002d362d3 is at code_begin+2995 in an Interpreter codelet
return entry points  [0x0000000002d35720, 0x0000000002d37520]  7680 bytes
R8 =0x0000000000000002 is an unknown value
R9 =0x0000000000000001 is an unknown value
R10=0x0000000000000000 is an unknown value
R11=0x0000000011f64f98 is an unknown value
R12=0x0000000000000000 is an unknown value
R13=0x00000006fc992061 is pointing into object: 0x00000006fc992020
{constMethod} 
 - klass: {other class}
 - constants:       0x00000006fc98fe68 constant pool [367] for 'scala/runtime/BoxesRunTime' cache=0x00000006fc996718
 - stackmap data:       [B
bci_from(00000006FC992061) = 1; print_codes():
R14=0x0000000012a2e320 is pointing into the stack for thread: 0x00000000121a6000
R15=0x00000000121a6000 is a thread


Stack: [0x0000000012930000,0x0000000012a30000],  sp=0x0000000012a2e2c8,  free space=1016k
Native frames: (J=compiled Java code, j=interpreted, Vv=VM code, C=native code)
j  scala.runtime.BoxesRunTime.equals2(Ljava/lang/Object;Ljava/lang/Object;)Z+1
j  scala.runtime.BoxesRunTime.equals(Ljava/lang/Object;Ljava/lang/Object;)Z+9
j  scala.reactive.core.concurrent.SnapQueue$Segment.findLast(I)I+10
j  scala.reactive.core.concurrent.SnapQueue$Segment.enq(ILjava/lang/Object;)Z+39
j  scala.reactive.core.concurrent.SnapQueueCheck$$anonfun$2.apply(Lscala/reactive/core/concurrent/SnapQueue$Segment;)Lorg/scalacheck/Prop;+60
j  scala.reactive.core.concurrent.SnapQueueCheck$$anonfun$2.apply(Ljava/lang/Object;)Ljava/lang/Object;+5
j  org.scalacheck.Prop$$anonfun$forAllShrink$1$$anonfun$3.apply()Lorg/scalacheck/Prop;+18
j  org.scalacheck.Prop$$anonfun$forAllShrink$1$$anonfun$3.apply()Ljava/lang/Object;+1
j  org.scalacheck.Prop$.secure(Lscala/Function0;Lscala/Function1;)Lorg/scalacheck/Prop;+2
j  org.scalacheck.Prop$$anonfun$forAllShrink$1.org$scalacheck$Prop$$anonfun$$result$1(Ljava/lang/Object;Lorg/scalacheck/Gen$Parameters;)Lorg/scalacheck/Prop$Result;+18
j  org.scalacheck.Prop$$anonfun$forAllShrink$1.apply(Lorg/scalacheck/Gen$Parameters;)Lorg/scalacheck/Prop$Result;+87
j  org.scalacheck.Prop$$anonfun$forAllShrink$1.apply(Ljava/lang/Object;)Ljava/lang/Object;+5
j  org.scalacheck.Prop$$anon$1.apply(Lorg/scalacheck/Gen$Parameters;)Lorg/scalacheck/Prop$Result;+5
j  org.scalacheck.Test$.org$scalacheck$Test$$workerFun$1(ILorg/scalacheck/Test$Parameters;Lorg/scalacheck/Prop;DDLscala/runtime/BooleanRef;Lorg/scalacheck/Gen$Parameters$Default;)Lorg/scalacheck/Test$Result;+90
j  org.scalacheck.Test$$anonfun$org$scalacheck$Test$$worker$1$1.apply()Lorg/scalacheck/Test$Result;+31
j  org.scalacheck.Test$$anonfun$org$scalacheck$Test$$worker$1$1.apply()Ljava/lang/Object;+1
j  org.scalacheck.Test$.check(Lorg/scalacheck/Test$Parameters;Lorg/scalacheck/Prop;)Lorg/scalacheck/Test$Result;+176
j  org.scalacheck.Test$$anonfun$checkProperties$1.apply(Lscala/Tuple2;)Lscala/Tuple2;+50
j  org.scalacheck.Test$$anonfun$checkProperties$1.apply(Ljava/lang/Object;)Ljava/lang/Object;+5
j  scala.collection.TraversableLike$$anonfun$map$1.apply(Ljava/lang/Object;)Lscala/collection/mutable/Builder;+9
j  scala.collection.TraversableLike$$anonfun$map$1.apply(Ljava/lang/Object;)Ljava/lang/Object;+2
j  scala.collection.immutable.List.foreach(Lscala/Function1;)V+15
j  scala.collection.generic.TraversableForwarder$class.foreach(Lscala/collection/generic/TraversableForwarder;Lscala/Function1;)V+7
j  scala.collection.mutable.ListBuffer.foreach(Lscala/Function1;)V+2
j  scala.collection.TraversableLike$class.map(Lscala/collection/TraversableLike;Lscala/Function1;Lscala/collection/generic/CanBuildFrom;)Ljava/lang/Object;+17
j  scala.collection.AbstractTraversable.map(Lscala/Function1;Lscala/collection/generic/CanBuildFrom;)Ljava/lang/Object;+3
j  org.scalacheck.Test$.checkProperties(Lorg/scalacheck/Test$Parameters;Lorg/scalacheck/Properties;)Lscala/collection/Seq;+18
j  org.scalacheck.ScalaCheckFramework$$anon$2.run(Ljava/lang/String;Lorg/scalatools/testing/Fingerprint;Lorg/scalatools/testing/EventHandler;[Ljava/lang/String;)V+204
j  sbt.RunnerWrapper$1.runRunner2(Lorg/scalatools/testing/Runner2;Lsbt/testing/Fingerprint;Lsbt/testing/EventHandler;)V+81
j  sbt.RunnerWrapper$1.execute(Lsbt/testing/EventHandler;[Lsbt/testing/Logger;)[Lsbt/testing/Task;+86
j  sbt.ForkMain$Run$2.call()[Lsbt/testing/Task;+71
j  sbt.ForkMain$Run$2.call()Ljava/lang/Object;+1
j  java.util.concurrent.FutureTask.run()V+42
j  java.util.concurrent.ThreadPoolExecutor.runWorker(Ljava/util/concurrent/ThreadPoolExecutor$Worker;)V+95
j  java.util.concurrent.ThreadPoolExecutor$Worker.run()V+5
j  java.lang.Thread.run()V+11
v  ~StubRoutines::call_stub
V  [jvm.dll+0x1cef93]


---------------  P R O C E S S  ---------------

Java Threads: ( => current thread )
=>0x00000000121a6000 JavaThread "pool-1-thread-1" [_thread_in_Java, id=8884, stack(0x0000000012930000,0x0000000012a30000)]
  0x0000000002d24800 JavaThread "Service Thread" daemon [_thread_blocked, id=1300, stack(0x0000000012730000,0x0000000012830000)]
  0x0000000002d23800 JavaThread "C2 CompilerThread1" daemon [_thread_blocked, id=7024, stack(0x0000000012630000,0x0000000012730000)]
  0x0000000002d22000 JavaThread "C2 CompilerThread0" daemon [_thread_blocked, id=9536, stack(0x0000000012530000,0x0000000012630000)]
  0x0000000002d21800 JavaThread "Attach Listener" daemon [_thread_blocked, id=2064, stack(0x0000000012430000,0x0000000012530000)]
  0x0000000011f51800 JavaThread "Signal Dispatcher" daemon [_thread_blocked, id=7312, stack(0x0000000012330000,0x0000000012430000)]
  0x000000000ff51800 JavaThread "Finalizer" daemon [_thread_blocked, id=8232, stack(0x0000000011e30000,0x0000000011f30000)]
  0x000000000ff4b000 JavaThread "Reference Handler" daemon [_thread_blocked, id=10908, stack(0x0000000011d30000,0x0000000011e30000)]
  0x0000000002b2e800 JavaThread "main" [_thread_blocked, id=11828, stack(0x0000000002b30000,0x0000000002c30000)]

Other Threads:
  0x000000000ff45800 VMThread [stack: 0x0000000011c30000,0x0000000011d30000] [id=7900]
  0x0000000002d2c800 WatcherThread [stack: 0x0000000012830000,0x0000000012930000] [id=10164]

VM state:not at safepoint (normal execution)

VM Mutex/Monitor currently owned by a thread: None

Heap
 PSYoungGen      total 76288K, used 23721K [0x00000007ab200000, 0x00000007b0700000, 0x0000000800000000)
  eden space 65536K, 36% used [0x00000007ab200000,0x00000007ac92a720,0x00000007af200000)
  from space 10752K, 0% used [0x00000007afc80000,0x00000007afc80000,0x00000007b0700000)
  to   space 10752K, 0% used [0x00000007af200000,0x00000007af200000,0x00000007afc80000)
 ParOldGen       total 173568K, used 0K [0x0000000701600000, 0x000000070bf80000, 0x00000007ab200000)
  object space 173568K, 0% used [0x0000000701600000,0x0000000701600000,0x000000070bf80000)
 PSPermGen       total 21504K, used 8236K [0x00000006fc400000, 0x00000006fd900000, 0x0000000701600000)
  object space 21504K, 38% used [0x00000006fc400000,0x00000006fcc0b170,0x00000006fd900000)

Card table byte_map: [0x0000000005df0000,0x0000000006610000] byte_map_base: 0x000000000260e000

Polling page: 0x00000000011e0000

Code Cache  [0x0000000002d30000, 0x0000000002fa0000, 0x0000000005d30000)
 total_blobs=279 nmethods=31 adapters=201 free_code_cache=48671Kb largest_free_block=49823488

Compilation events (10 events):
Event: 0.384 Thread 0x0000000002d23800 nmethod 27 0x0000000002da0bd0 code [0x0000000002da0d00, 0x0000000002da0db8]
Event: 0.392 Thread 0x0000000002d23800   28             java.util.Arrays::copyOfRange (63 bytes)
Event: 0.393 Thread 0x0000000002d23800 nmethod 28 0x0000000002d9e5d0 code [0x0000000002d9e720, 0x0000000002d9e938]
Event: 0.411 Thread 0x0000000002d22000 nmethod 25 0x0000000002da5990 code [0x0000000002da5c60, 0x0000000002da73c0]
Event: 0.438 Thread 0x0000000002d23800   29             java.lang.StringBuilder::append (8 bytes)
Event: 0.442 Thread 0x0000000002d23800 nmethod 29 0x0000000002da2090 code [0x0000000002da21e0, 0x0000000002da25b8]
Event: 0.447 Thread 0x0000000002d22000   30             java.lang.String::<init> (67 bytes)
Event: 0.449 Thread 0x0000000002d22000 nmethod 30 0x0000000002da1910 code [0x0000000002da1a60, 0x0000000002da1cd8]
Event: 0.473 Thread 0x0000000002d23800   31             java.lang.String::substring (79 bytes)
Event: 0.478 Thread 0x0000000002d23800 nmethod 31 0x0000000002da3450 code [0x0000000002da35a0, 0x0000000002da38d8]

GC Heap History (0 events):
No events

Deoptimization events (2 events):
Event: 0.391 Thread 0x00000000121a6000 Uncommon trap: reason=class_check action=maybe_recompile pc=0x0000000002d93890 method=java.util.Properties$LineReader.readLine()I @ 62
Event: 0.391 Thread 0x00000000121a6000 Uncommon trap: reason=class_check action=maybe_recompile pc=0x0000000002d93890 method=java.util.Properties$LineReader.readLine()I @ 62

Internal exceptions (10 events):
Event: 0.493 Thread 0x00000000121a6000 Threw 0x00000007ac7f3620 at C:\re\jdk7u71\1605\hotspot\src\share\vm\prims\jvm.cpp:1281
Event: 0.493 Thread 0x00000000121a6000 Threw 0x00000007ac7f9f40 at C:\re\jdk7u71\1605\hotspot\src\share\vm\prims\jvm.cpp:1281
Event: 0.494 Thread 0x00000000121a6000 Threw 0x00000007ac7fe0c0 at C:\re\jdk7u71\1605\hotspot\src\share\vm\prims\jvm.cpp:1281
Event: 0.494 Thread 0x00000000121a6000 Threw 0x00000007ac8047e0 at C:\re\jdk7u71\1605\hotspot\src\share\vm\prims\jvm.cpp:1281
Event: 0.495 Thread 0x00000000121a6000 Threw 0x00000007ac809ef0 at C:\re\jdk7u71\1605\hotspot\src\share\vm\prims\jvm.cpp:1281
Event: 0.495 Thread 0x00000000121a6000 Threw 0x00000007ac815198 at C:\re\jdk7u71\1605\hotspot\src\share\vm\prims\jvm.cpp:1281
Event: 0.496 Thread 0x00000000121a6000 Threw 0x00000007ac81a328 at C:\re\jdk7u71\1605\hotspot\src\share\vm\prims\jvm.cpp:1281
Event: 0.496 Thread 0x00000000121a6000 Threw 0x00000007ac821298 at C:\re\jdk7u71\1605\hotspot\src\share\vm\prims\jvm.cpp:1281
Event: 0.497 Thread 0x00000000121a6000 Threw 0x00000007ac826490 at C:\re\jdk7u71\1605\hotspot\src\share\vm\prims\jvm.cpp:1281
Event: 0.497 Thread 0x00000000121a6000 Threw 0x00000007ac82b660 at C:\re\jdk7u71\1605\hotspot\src\share\vm\prims\jvm.cpp:1281

Events (10 events):
Event: 0.495 loading class 0x00000000121d9fb0
Event: 0.495 loading class 0x00000000121d9fb0 done
Event: 0.496 loading class 0x0000000012c95380
Event: 0.496 loading class 0x0000000012c95380 done
Event: 0.496 loading class 0x0000000012321850
Event: 0.496 loading class 0x0000000012321850 done
Event: 0.497 loading class 0x0000000012321250
Event: 0.497 loading class 0x0000000012321250 done
Event: 0.497 loading class 0x0000000012321f90
Event: 0.497 loading class 0x0000000012321f90 done


Dynamic libraries:
0x00007ff6cc0c0000 - 0x00007ff6cc0f3000 	C:\Program Files\Java\jdk1.7.0_71\jre\bin\java.exe
0x00007ffefe110000 - 0x00007ffefe2bc000 	C:\WINDOWS\SYSTEM32\ntdll.dll
0x00007ffefbb70000 - 0x00007ffefbcae000 	C:\WINDOWS\system32\KERNEL32.DLL
0x00007ffefb330000 - 0x00007ffefb445000 	C:\WINDOWS\system32\KERNELBASE.dll
0x00007ffef9ce0000 - 0x00007ffef9d6e000 	C:\WINDOWS\system32\apphelp.dll
0x00007ffeede50000 - 0x00007ffeedea3000 	C:\WINDOWS\AppPatch\AppPatch64\AcGenral.DLL
0x00007ffefbd70000 - 0x00007ffefbe1a000 	C:\WINDOWS\system32\msvcrt.dll
0x00007ffefb100000 - 0x00007ffefb12e000 	C:\WINDOWS\SYSTEM32\SspiCli.dll
0x00007ffefdd00000 - 0x00007ffefdd54000 	C:\WINDOWS\system32\SHLWAPI.dll
0x00007ffefdb20000 - 0x00007ffefdc97000 	C:\WINDOWS\system32\USER32.dll
0x00007ffefc3f0000 - 0x00007ffefc584000 	C:\WINDOWS\system32\ole32.dll
0x00007ffefc600000 - 0x00007ffefdb18000 	C:\WINDOWS\system32\SHELL32.dll
0x00007ffefa840000 - 0x00007ffefa861000 	C:\WINDOWS\SYSTEM32\USERENV.dll
0x00007ffefc190000 - 0x00007ffefc23a000 	C:\WINDOWS\system32\ADVAPI32.dll
0x00007ffeeb4f0000 - 0x00007ffeeb50e000 	C:\WINDOWS\SYSTEM32\MPR.dll
0x00007ffefbf80000 - 0x00007ffefc0c1000 	C:\WINDOWS\system32\RPCRT4.dll
0x00007ffefbcb0000 - 0x00007ffefbd09000 	C:\WINDOWS\SYSTEM32\sechost.dll
0x00007ffefdd60000 - 0x00007ffefdf71000 	C:\WINDOWS\SYSTEM32\combase.dll
0x00007ffefdf80000 - 0x00007ffefe0d1000 	C:\WINDOWS\system32\GDI32.dll
0x00007ffefb260000 - 0x00007ffefb275000 	C:\WINDOWS\SYSTEM32\profapi.dll
0x00007ffef9db0000 - 0x00007ffef9e62000 	C:\WINDOWS\SYSTEM32\SHCORE.dll
0x00007ffefbb30000 - 0x00007ffefbb66000 	C:\WINDOWS\system32\IMM32.DLL
0x00007ffefbe20000 - 0x00007ffefbf71000 	C:\WINDOWS\system32\MSCTF.dll
0x00007ffef9620000 - 0x00007ffef989b000 	C:\WINDOWS\WinSxS\amd64_microsoft.windows.common-controls_6595b64144ccf1df_6.0.9600.17415_none_6240486fecbd8abb\COMCTL32.dll
0x00000000676b0000 - 0x0000000067782000 	C:\Program Files\Java\jdk1.7.0_71\jre\bin\msvcr100.dll
0x0000000066ed0000 - 0x00000000676a3000 	C:\Program Files\Java\jdk1.7.0_71\jre\bin\server\jvm.dll
0x00007ffef7530000 - 0x00007ffef7539000 	C:\WINDOWS\SYSTEM32\WSOCK32.dll
0x00007ffef98a0000 - 0x00007ffef98c2000 	C:\WINDOWS\SYSTEM32\WINMM.dll
0x00007ffefb850000 - 0x00007ffefb857000 	C:\WINDOWS\system32\PSAPI.DLL
0x00007ffefdca0000 - 0x00007ffefdcfa000 	C:\WINDOWS\system32\WS2_32.dll
0x00007ffef95b0000 - 0x00007ffef95da000 	C:\WINDOWS\SYSTEM32\WINMMBASE.dll
0x00007ffefe100000 - 0x00007ffefe109000 	C:\WINDOWS\system32\NSI.dll
0x00007ffefb6e0000 - 0x00007ffefb72f000 	C:\WINDOWS\SYSTEM32\cfgmgr32.dll
0x00007ffefa060000 - 0x00007ffefa088000 	C:\WINDOWS\SYSTEM32\DEVOBJ.dll
0x0000000068660000 - 0x000000006866f000 	C:\Program Files\Java\jdk1.7.0_71\jre\bin\verify.dll
0x0000000066ea0000 - 0x0000000066ec8000 	C:\Program Files\Java\jdk1.7.0_71\jre\bin\java.dll
0x0000000066e80000 - 0x0000000066e95000 	C:\Program Files\Java\jdk1.7.0_71\jre\bin\zip.dll
0x0000000066e60000 - 0x0000000066e79000 	C:\Program Files\Java\jdk1.7.0_71\jre\bin\net.dll
0x00007ffefab40000 - 0x00007ffefab99000 	C:\WINDOWS\system32\mswsock.dll
0x00007ffef59d0000 - 0x00007ffef5b5a000 	C:\WINDOWS\SYSTEM32\dbghelp.dll

VM Arguments:
java_command: sbt.ForkMain 64420
Launcher Type: SUN_STANDARD

Environment Variables:
PATH=C:\cygwin\bin;C:\cygwin\home\axel22\bin;C:\cygwin\usr\local\bin;C:\cygwin\usr\local\bin;C:\cygwin\bin;C:\cygwin\bin;C:\Program Files (x86)\SumatraPDF;C:\Program Files\Java\jdk1.7.0_71\bin;C:\cygwin\bin;C:\Program Files\Dell\DW WLAN Card;C:\Program Files (x86)\SumatraPDF;C:\Program Files (x86)\Intel\iCLS Client;C:\Program Files\Intel\iCLS Client;C:\Windows\system32;C:\Windows;C:\Windows\System32\Wbem;C:\Windows\System32\WindowsPowerShell\v1.0;C:\Program Files\WIDCOMM\Bluetooth Software;C:\Program Files\WIDCOMM\Bluetooth Software\syswow64;C:\Program Files\Common Files\Autodesk Shared;C:\Program Files (x86)\Autodesk\Backburner;C:\Program Files (x86)\GNU\GnuPG\pub;C:\Program Files\Intel\Intel(R) Management Engine Components\DAL;C:\Program Files\Intel\Intel(R) Management Engine Components\IPT;C:\Program Files (x86)\Intel\Intel(R) Management Engine Components\DAL;C:\Program Files (x86)\Intel\Intel(R) Management Engine Components\IPT;C:\Program Files (x86)\MiKTeX 2.9\miktex\bin;C:\WINDOWS\system32;C:\WINDOWS;C:\WINDOWS\System32\Wbem;C:\WINDOWS\System32\WindowsPowerShell\v1.0;C:\Program Files (x86)\scala\bin;C:\Program Files (x86)\Skype\Phone;C:\Users\axel22\AppData\Local\Pandoc
USERNAME=axel22
SHELL=/bin/zsh
OS=Windows_NT
PROCESSOR_IDENTIFIER=Intel64 Family 6 Model 60 Stepping 3, GenuineIntel



---------------  S Y S T E M  ---------------

OS: Windows 8.1 , 64 bit Build 9600 

CPU:total 8 (4 cores per cpu, 2 threads per core) family 6 model 60 stepping 3, cmov, cx8, fxsr, mmx, sse, sse2, sse3, ssse3, sse4.1, sse4.2, popcnt, avx, avx2, aes, erms, ht, tsc, tscinvbit

Memory: 4k page, physical 16680128k(7020348k free), swap 67011776k(44496040k free)

vm_info: Java HotSpot(TM) 64-Bit Server VM (24.71-b01) for windows-amd64 JRE (1.7.0_71-b14), built on Sep 26 2014 16:16:12 by "java_re" with unknown MS VC++:1600

time: Thu Apr 16 19:20:57 2015
elapsed time: 0 seconds

