#
# A fatal error has been detected by the Java Runtime Environment:
#
#  EXCEPTION_ACCESS_VIOLATION (0xc0000005) at pc=0x00000000027419a6, pid=188, tid=10436
#
# JRE version: Java(TM) SE Runtime Environment (7.0_71-b14) (build 1.7.0_71-b14)
# Java VM: Java HotSpot(TM) 64-Bit Server VM (24.71-b01 mixed mode windows-amd64 compressed oops)
# Problematic frame:
# J 103 C2 scala.reactive.core.concurrent.SnapQueue$Segment.findLast(I)I (43 bytes) @ 0x00000000027419a6 [0x00000000027418a0+0x106]
#
# Failed to write core dump. Minidumps are not enabled by default on client versions of Windows
#
# If you would like to submit a bug report, please visit:
#   http://bugreport.sun.com/bugreport/crash.jsp
#

---------------  T H R E A D  ---------------

Current thread (0x0000000011c74800):  JavaThread "pool-1-thread-1" [_thread_in_Java, id=10436, stack(0x0000000012320000,0x0000000012420000)]

siginfo: ExceptionCode=0xc0000005, reading address 0x0000000000000010

Registers:
RAX=0x00000006fcbf7cb8, RBX=0x00000000f59b3f9f, RCX=0x00000000f59b3f9f, RDX=0x00000007acd9fce0
RSP=0x000000001241e220, RBP=0x0000000000000646, RSI=0x0000000000000000, RDI=0x00000006fc49a6f0
R8 =0x0000000000000001, R9 =0x0000000000000646, R10=0x00000007acd9fce0, R11=0x0000000000000001
R12=0x0000000000000000, R13=0x000000001241e268, R14=0x000000001241e2d8, R15=0x0000000011c74800
RIP=0x00000000027419a6, EFLAGS=0x0000000000010202

Top of Stack: (sp=0x000000001241e220)
0x000000001241e220:   00000645fcbf9680 00000006fcc30cc0
0x000000001241e230:   00000006fcbf9018 0000000000000000
0x000000001241e240:   000000001241e258 000000001241e2b8
0x000000001241e250:   000000001241e2b8 00000000026c6274
0x000000001241e260:   00000000026c6274 0000000000000000
0x000000001241e270:   00000007acd9fce0 000000001241e278
0x000000001241e280:   00000006fcbf7b39 000000001241e2d8
0x000000001241e290:   00000006fcbf9960 00000006fcc2fd50
0x000000001241e2a0:   00000006fcbf7b78 000000001241e268
0x000000001241e2b0:   000000001241e2c8 000000001241e320
0x000000001241e2c0:   00000000026c63f0 00000007ab206550
0x000000001241e2d0:   0000000000000000 00000007acd9fce0
0x000000001241e2e0:   000000001241e2e0 00000006fcbc22a1
0x000000001241e2f0:   000000001241e350 00000006fcbc29c8
0x000000001241e300:   0000000000000000 00000006fcbc2328
0x000000001241e310:   000000001241e2c8 000000001241e348 

Instructions: (pc=0x00000000027419a6)
0x0000000002741986:   4c 8b d9 49 c1 e3 03 8b 6c 24 04 ff c5 85 05 67
0x0000000002741996:   e6 4c fe 4c 63 cd 47 8b 5c 8b 10 45 85 db 74 d3
0x00000000027419a6:   47 8b 4c dc 08 4b 8b 4c cc 40 48 bf f0 a6 49 fc
0x00000000027419b6:   06 00 00 00 48 3b cf 0f 84 ae 00 00 00 41 81 f9 


Register to memory mapping:

RAX=0x00000006fcbf7cb8 is an oop
{method} 
 - klass: {other class}
RBX=0x00000000f59b3f9f is an unknown value
RCX=0x00000000f59b3f9f is an unknown value
RDX=0x00000007acd9fce0 is an oop
scala.reactive.core.concurrent.SnapQueue$Segment 
 - klass: 'scala/reactive/core/concurrent/SnapQueue$Segment'
RSP=0x000000001241e220 is pointing into the stack for thread: 0x0000000011c74800
RBP=0x0000000000000646 is an unknown value
RSI=0x0000000000000000 is an unknown value
RDI=0x00000006fc49a6f0 is an oop
{instance class} 
 - klass: {other class}
R8 =0x0000000000000001 is an unknown value
R9 =0x0000000000000646 is an unknown value
R10=0x00000007acd9fce0 is an oop
scala.reactive.core.concurrent.SnapQueue$Segment 
 - klass: 'scala/reactive/core/concurrent/SnapQueue$Segment'
R11=0x0000000000000001 is an unknown value
R12=0x0000000000000000 is an unknown value
R13=0x000000001241e268 is pointing into the stack for thread: 0x0000000011c74800
R14=0x000000001241e2d8 is pointing into the stack for thread: 0x0000000011c74800
R15=0x0000000011c74800 is a thread


Stack: [0x0000000012320000,0x0000000012420000],  sp=0x000000001241e220,  free space=1016k
Native frames: (J=compiled Java code, j=interpreted, Vv=VM code, C=native code)
J 103 C2 scala.reactive.core.concurrent.SnapQueue$Segment.findLast(I)I (43 bytes) @ 0x00000000027419a6 [0x00000000027418a0+0x106]
j  scala.reactive.core.concurrent.SnapQueue$Segment.enq(ILjava/lang/Object;)Z+49
j  scala.reactive.core.concurrent.SnapQueueCheck$$anonfun$5.apply(Lscala/reactive/core/concurrent/SnapQueue$Segment;)Lorg/scalacheck/Prop;+73
j  scala.reactive.core.concurrent.SnapQueueCheck$$anonfun$5.apply(Ljava/lang/Object;)Ljava/lang/Object;+5
j  org.scalacheck.Prop$$anonfun$forAllShrink$1$$anonfun$3.apply()Lorg/scalacheck/Prop;+18
j  org.scalacheck.Prop$$anonfun$forAllShrink$1$$anonfun$3.apply()Ljava/lang/Object;+1
j  org.scalacheck.Prop$.secure(Lscala/Function0;Lscala/Function1;)Lorg/scalacheck/Prop;+2
j  org.scalacheck.Prop$$anonfun$forAllShrink$1.org$scalacheck$Prop$$anonfun$$result$1(Ljava/lang/Object;Lorg/scalacheck/Gen$Parameters;)Lorg/scalacheck/Prop$Result;+18
j  org.scalacheck.Prop$$anonfun$forAllShrink$1.apply(Lorg/scalacheck/Gen$Parameters;)Lorg/scalacheck/Prop$Result;+87
j  org.scalacheck.Prop$$anonfun$forAllShrink$1.apply(Ljava/lang/Object;)Ljava/lang/Object;+5
j  org.scalacheck.Prop$$anon$1.apply(Lorg/scalacheck/Gen$Parameters;)Lorg/scalacheck/Prop$Result;+5
j  org.scalacheck.Test$.org$scalacheck$Test$$workerFun$1(ILorg/scalacheck/Test$Parameters;Lorg/scalacheck/Prop;DDLscala/runtime/BooleanRef;Lorg/scalacheck/Gen$Parameters$Default;)Lorg/scalacheck/Test$Result;+90
j  org.scalacheck.Test$$anonfun$org$scalacheck$Test$$worker$1$1.apply()Lorg/scalacheck/Test$Result;+31
j  org.scalacheck.Test$$anonfun$org$scalacheck$Test$$worker$1$1.apply()Ljava/lang/Object;+1
j  org.scalacheck.Test$.check(Lorg/scalacheck/Test$Parameters;Lorg/scalacheck/Prop;)Lorg/scalacheck/Test$Result;+176
j  org.scalacheck.Test$$anonfun$checkProperties$1.apply(Lscala/Tuple2;)Lscala/Tuple2;+50
j  org.scalacheck.Test$$anonfun$checkProperties$1.apply(Ljava/lang/Object;)Ljava/lang/Object;+5
j  scala.collection.TraversableLike$$anonfun$map$1.apply(Ljava/lang/Object;)Lscala/collection/mutable/Builder;+9
j  scala.collection.TraversableLike$$anonfun$map$1.apply(Ljava/lang/Object;)Ljava/lang/Object;+2
j  scala.collection.immutable.List.foreach(Lscala/Function1;)V+15
j  scala.collection.generic.TraversableForwarder$class.foreach(Lscala/collection/generic/TraversableForwarder;Lscala/Function1;)V+7
j  scala.collection.mutable.ListBuffer.foreach(Lscala/Function1;)V+2
j  scala.collection.TraversableLike$class.map(Lscala/collection/TraversableLike;Lscala/Function1;Lscala/collection/generic/CanBuildFrom;)Ljava/lang/Object;+17
j  scala.collection.AbstractTraversable.map(Lscala/Function1;Lscala/collection/generic/CanBuildFrom;)Ljava/lang/Object;+3
j  org.scalacheck.Test$.checkProperties(Lorg/scalacheck/Test$Parameters;Lorg/scalacheck/Properties;)Lscala/collection/Seq;+18
j  org.scalacheck.ScalaCheckFramework$$anon$2.run(Ljava/lang/String;Lorg/scalatools/testing/Fingerprint;Lorg/scalatools/testing/EventHandler;[Ljava/lang/String;)V+204
j  sbt.RunnerWrapper$1.runRunner2(Lorg/scalatools/testing/Runner2;Lsbt/testing/Fingerprint;Lsbt/testing/EventHandler;)V+81
j  sbt.RunnerWrapper$1.execute(Lsbt/testing/EventHandler;[Lsbt/testing/Logger;)[Lsbt/testing/Task;+86
j  sbt.ForkMain$Run$2.call()[Lsbt/testing/Task;+71
j  sbt.ForkMain$Run$2.call()Ljava/lang/Object;+1
j  java.util.concurrent.FutureTask.run()V+42
j  java.util.concurrent.ThreadPoolExecutor.runWorker(Ljava/util/concurrent/ThreadPoolExecutor$Worker;)V+95
j  java.util.concurrent.ThreadPoolExecutor$Worker.run()V+5
j  java.lang.Thread.run()V+11
v  ~StubRoutines::call_stub
V  [jvm.dll+0x1cef93]


---------------  P R O C E S S  ---------------

Java Threads: ( => current thread )
=>0x0000000011c74800 JavaThread "pool-1-thread-1" [_thread_in_Java, id=10436, stack(0x0000000012320000,0x0000000012420000)]
  0x00000000026bd800 JavaThread "Service Thread" daemon [_thread_blocked, id=7580, stack(0x0000000012120000,0x0000000012220000)]
  0x00000000026bc000 JavaThread "C2 CompilerThread1" daemon [_thread_in_vm, id=7716, stack(0x0000000012020000,0x0000000012120000)]
  0x00000000026b1800 JavaThread "C2 CompilerThread0" daemon [_thread_in_native, id=5580, stack(0x0000000011f20000,0x0000000012020000)]
  0x00000000026b1000 JavaThread "Attach Listener" daemon [_thread_blocked, id=10008, stack(0x0000000011e20000,0x0000000011f20000)]
  0x00000000026ac000 JavaThread "Signal Dispatcher" daemon [_thread_blocked, id=10416, stack(0x0000000011d20000,0x0000000011e20000)]
  0x000000000f940000 JavaThread "Finalizer" daemon [_thread_blocked, id=5684, stack(0x0000000011820000,0x0000000011920000)]
  0x000000000f939800 JavaThread "Reference Handler" daemon [_thread_blocked, id=9636, stack(0x0000000011720000,0x0000000011820000)]
  0x0000000000d0e800 JavaThread "main" [_thread_blocked, id=460, stack(0x00000000024c0000,0x00000000025c0000)]

Other Threads:
  0x000000000f936000 VMThread [stack: 0x0000000011620000,0x0000000011720000] [id=11176]
  0x0000000011960000 WatcherThread [stack: 0x0000000012220000,0x0000000012320000] [id=5680]

VM state:not at safepoint (normal execution)

VM Mutex/Monitor currently owned by a thread: None

Heap
 PSYoungGen      total 76288K, used 30281K [0x00000007ab200000, 0x00000007b0700000, 0x0000000800000000)
  eden space 65536K, 46% used [0x00000007ab200000,0x00000007acf926f8,0x00000007af200000)
  from space 10752K, 0% used [0x00000007afc80000,0x00000007afc80000,0x00000007b0700000)
  to   space 10752K, 0% used [0x00000007af200000,0x00000007af200000,0x00000007afc80000)
 ParOldGen       total 173568K, used 0K [0x0000000701600000, 0x000000070bf80000, 0x00000007ab200000)
  object space 173568K, 0% used [0x0000000701600000,0x0000000701600000,0x000000070bf80000)
 PSPermGen       total 21504K, used 8573K [0x00000006fc400000, 0x00000006fd900000, 0x0000000701600000)
  object space 21504K, 39% used [0x00000006fc400000,0x00000006fcc5f600,0x00000006fd900000)

Card table byte_map: [0x0000000005780000,0x0000000005fa0000] byte_map_base: 0x0000000001f9e000

Polling page: 0x0000000000c10000

Code Cache  [0x00000000026c0000, 0x0000000002930000, 0x00000000056c0000)
 total_blobs=372 nmethods=122 adapters=203 free_code_cache=48548Kb largest_free_block=49680064

Compilation events (10 events):
Event: 0.729 Thread 0x00000000026b1800 nmethod 116 0x000000000274bc10 code [0x000000000274bd60, 0x000000000274bed8]
Event: 0.729 Thread 0x00000000026b1800  117             java.nio.HeapCharBuffer::<init> (14 bytes)
Event: 0.730 Thread 0x00000000026b1800 nmethod 117 0x000000000274c310 code [0x000000000274c440, 0x000000000274c538]
Event: 0.730 Thread 0x00000000026b1800  118             java.io.Writer::write (11 bytes)
Event: 0.731 Thread 0x00000000026b1800 nmethod 118 0x000000000274b8d0 code [0x000000000274ba20, 0x000000000274bae8]
Event: 0.731 Thread 0x00000000026b1800  119   !         java.io.BufferedWriter::flushBuffer (53 bytes)
Event: 0.743 Thread 0x00000000026bc000 nmethod 96 0x0000000002755990 code [0x0000000002755ea0, 0x00000000027594f8]
Event: 0.744 Thread 0x00000000026bc000  120             java.io.OutputStreamWriter::write (11 bytes)
Event: 0.753 Thread 0x00000000026b1800 nmethod 119 0x0000000002750010 code [0x0000000002750280, 0x0000000002751588]
Event: 0.754 Thread 0x00000000026b1800  121   !         sun.nio.cs.StreamEncoder::write (78 bytes)

GC Heap History (0 events):
No events

Deoptimization events (5 events):
Event: 0.367 Thread 0x0000000011c74800 Uncommon trap: reason=class_check action=maybe_recompile pc=0x0000000002723780 method=java.util.Properties$LineReader.readLine()I @ 62
Event: 0.367 Thread 0x0000000011c74800 Uncommon trap: reason=class_check action=maybe_recompile pc=0x0000000002723780 method=java.util.Properties$LineReader.readLine()I @ 62
Event: 0.543 Thread 0x0000000011c74800 Uncommon trap: reason=null_check action=make_not_entrant pc=0x0000000002727168 method=java.lang.String.equals(Ljava/lang/Object;)Z @ 8
Event: 0.688 Thread 0x0000000011c74800 Uncommon trap: reason=null_check action=make_not_entrant pc=0x00000000027470e4 method=scala.runtime.BoxesRunTime.equals2(Ljava/lang/Object;Ljava/lang/Object;)Z @ 48
Event: 0.690 Thread 0x0000000011c74800 Uncommon trap: reason=null_check action=make_not_entrant pc=0x000000000274a5d4 method=scala.runtime.BoxesRunTime.equals2(Ljava/lang/Object;Ljava/lang/Object;)Z @ 48

Internal exceptions (10 events):
Event: 0.681 Thread 0x0000000011c74800 Threw 0x00000007acd81cc0 at C:\re\jdk7u71\1605\hotspot\src\share\vm\prims\jvm.cpp:1281
Event: 0.681 Thread 0x0000000011c74800 Threw 0x00000007acd87418 at C:\re\jdk7u71\1605\hotspot\src\share\vm\prims\jvm.cpp:1281
Event: 0.681 Thread 0x0000000011c74800 Threw 0x00000007acd8b980 at C:\re\jdk7u71\1605\hotspot\src\share\vm\prims\jvm.cpp:1281
Event: 0.682 Thread 0x0000000011c74800 Threw 0x00000007acd90918 at C:\re\jdk7u71\1605\hotspot\src\share\vm\prims\jvm.cpp:1281
Event: 0.682 Thread 0x0000000011c74800 Threw 0x00000007acd965e8 at C:\re\jdk7u71\1605\hotspot\src\share\vm\prims\jvm.cpp:1281
Event: 0.683 Thread 0x0000000011c74800 Threw 0x00000007acd9b0b8 at C:\re\jdk7u71\1605\hotspot\src\share\vm\prims\jvm.cpp:1281
Event: 0.684 Thread 0x0000000011c74800 Threw 0x00000007acda1ec0 at C:\re\jdk7u71\1605\hotspot\src\share\vm\prims\jvm.cpp:1281
Event: 0.688 Thread 0x0000000011c74800 Implicit null exception at 0x0000000002746f9f to 0x00000000027470d5
Event: 0.690 Thread 0x0000000011c74800 Implicit null exception at 0x000000000274a497 to 0x000000000274a5c5
Event: 0.759 Thread 0x0000000011c74800 Implicit null exception at 0x00000000027419a6 to 0x0000000000000000

Events (10 events):
Event: 0.683 loading class 0x0000000011af9590
Event: 0.683 loading class 0x0000000011af9590 done
Event: 0.684 loading class 0x0000000012542c70
Event: 0.684 loading class 0x0000000012542c70 done
Event: 0.688 Thread 0x0000000011c74800 Uncommon trap: trap_request=0xfffffff4 fr.pc=0x00000000027470e4
Event: 0.688 Thread 0x0000000011c74800 DEOPT PACKING pc=0x00000000027470e4 sp=0x000000001241dec0
Event: 0.688 Thread 0x0000000011c74800 DEOPT UNPACKING pc=0x00000000026f75a4 sp=0x000000001241de00 mode 2
Event: 0.690 Thread 0x0000000011c74800 Uncommon trap: trap_request=0xfffffff4 fr.pc=0x000000000274a5d4
Event: 0.690 Thread 0x0000000011c74800 DEOPT PACKING pc=0x000000000274a5d4 sp=0x000000001241de60
Event: 0.690 Thread 0x0000000011c74800 DEOPT UNPACKING pc=0x00000000026f75a4 sp=0x000000001241de00 mode 2


Dynamic libraries:
0x00007ff6cc0c0000 - 0x00007ff6cc0f3000 	C:\Program Files\Java\jdk1.7.0_71\jre\bin\java.exe
0x00007ffefe110000 - 0x00007ffefe2bc000 	C:\WINDOWS\SYSTEM32\ntdll.dll
0x00007ffefbb70000 - 0x00007ffefbcae000 	C:\WINDOWS\system32\KERNEL32.DLL
0x00007ffefb330000 - 0x00007ffefb445000 	C:\WINDOWS\system32\KERNELBASE.dll
0x00007ffef9ce0000 - 0x00007ffef9d6e000 	C:\WINDOWS\system32\apphelp.dll
0x00007ffeede50000 - 0x00007ffeedea3000 	C:\WINDOWS\AppPatch\AppPatch64\AcGenral.DLL
0x00007ffefbd70000 - 0x00007ffefbe1a000 	C:\WINDOWS\system32\msvcrt.dll
0x00007ffefb100000 - 0x00007ffefb12e000 	C:\WINDOWS\SYSTEM32\SspiCli.dll
0x00007ffefdd00000 - 0x00007ffefdd54000 	C:\WINDOWS\system32\SHLWAPI.dll
0x00007ffefdb20000 - 0x00007ffefdc97000 	C:\WINDOWS\system32\USER32.dll
0x00007ffefc3f0000 - 0x00007ffefc584000 	C:\WINDOWS\system32\ole32.dll
0x00007ffefc600000 - 0x00007ffefdb18000 	C:\WINDOWS\system32\SHELL32.dll
0x00007ffefa840000 - 0x00007ffefa861000 	C:\WINDOWS\SYSTEM32\USERENV.dll
0x00007ffefc190000 - 0x00007ffefc23a000 	C:\WINDOWS\system32\ADVAPI32.dll
0x00007ffeeb4f0000 - 0x00007ffeeb50e000 	C:\WINDOWS\SYSTEM32\MPR.dll
0x00007ffefbf80000 - 0x00007ffefc0c1000 	C:\WINDOWS\system32\RPCRT4.dll
0x00007ffefbcb0000 - 0x00007ffefbd09000 	C:\WINDOWS\SYSTEM32\sechost.dll
0x00007ffefdd60000 - 0x00007ffefdf71000 	C:\WINDOWS\SYSTEM32\combase.dll
0x00007ffefdf80000 - 0x00007ffefe0d1000 	C:\WINDOWS\system32\GDI32.dll
0x00007ffefb260000 - 0x00007ffefb275000 	C:\WINDOWS\SYSTEM32\profapi.dll
0x00007ffef9db0000 - 0x00007ffef9e62000 	C:\WINDOWS\SYSTEM32\SHCORE.dll
0x00007ffefbb30000 - 0x00007ffefbb66000 	C:\WINDOWS\system32\IMM32.DLL
0x00007ffefbe20000 - 0x00007ffefbf71000 	C:\WINDOWS\system32\MSCTF.dll
0x00007ffef9620000 - 0x00007ffef989b000 	C:\WINDOWS\WinSxS\amd64_microsoft.windows.common-controls_6595b64144ccf1df_6.0.9600.17415_none_6240486fecbd8abb\COMCTL32.dll
0x00000000676b0000 - 0x0000000067782000 	C:\Program Files\Java\jdk1.7.0_71\jre\bin\msvcr100.dll
0x0000000066ed0000 - 0x00000000676a3000 	C:\Program Files\Java\jdk1.7.0_71\jre\bin\server\jvm.dll
0x00007ffef7530000 - 0x00007ffef7539000 	C:\WINDOWS\SYSTEM32\WSOCK32.dll
0x00007ffef98a0000 - 0x00007ffef98c2000 	C:\WINDOWS\SYSTEM32\WINMM.dll
0x00007ffefb850000 - 0x00007ffefb857000 	C:\WINDOWS\system32\PSAPI.DLL
0x00007ffefdca0000 - 0x00007ffefdcfa000 	C:\WINDOWS\system32\WS2_32.dll
0x00007ffef95b0000 - 0x00007ffef95da000 	C:\WINDOWS\SYSTEM32\WINMMBASE.dll
0x00007ffefe100000 - 0x00007ffefe109000 	C:\WINDOWS\system32\NSI.dll
0x00007ffefb6e0000 - 0x00007ffefb72f000 	C:\WINDOWS\SYSTEM32\cfgmgr32.dll
0x00007ffefa060000 - 0x00007ffefa088000 	C:\WINDOWS\SYSTEM32\DEVOBJ.dll
0x0000000068660000 - 0x000000006866f000 	C:\Program Files\Java\jdk1.7.0_71\jre\bin\verify.dll
0x0000000066ea0000 - 0x0000000066ec8000 	C:\Program Files\Java\jdk1.7.0_71\jre\bin\java.dll
0x0000000066e80000 - 0x0000000066e95000 	C:\Program Files\Java\jdk1.7.0_71\jre\bin\zip.dll
0x0000000066e60000 - 0x0000000066e79000 	C:\Program Files\Java\jdk1.7.0_71\jre\bin\net.dll
0x00007ffefab40000 - 0x00007ffefab99000 	C:\WINDOWS\system32\mswsock.dll
0x00007ffef59d0000 - 0x00007ffef5b5a000 	C:\WINDOWS\SYSTEM32\dbghelp.dll

VM Arguments:
java_command: sbt.ForkMain 64510
Launcher Type: SUN_STANDARD

Environment Variables:
PATH=C:\cygwin\bin;C:\cygwin\home\axel22\bin;C:\cygwin\usr\local\bin;C:\cygwin\usr\local\bin;C:\cygwin\bin;C:\cygwin\bin;C:\Program Files (x86)\SumatraPDF;C:\Program Files\Java\jdk1.7.0_71\bin;C:\cygwin\bin;C:\Program Files\Dell\DW WLAN Card;C:\Program Files (x86)\SumatraPDF;C:\Program Files (x86)\Intel\iCLS Client;C:\Program Files\Intel\iCLS Client;C:\Windows\system32;C:\Windows;C:\Windows\System32\Wbem;C:\Windows\System32\WindowsPowerShell\v1.0;C:\Program Files\WIDCOMM\Bluetooth Software;C:\Program Files\WIDCOMM\Bluetooth Software\syswow64;C:\Program Files\Common Files\Autodesk Shared;C:\Program Files (x86)\Autodesk\Backburner;C:\Program Files (x86)\GNU\GnuPG\pub;C:\Program Files\Intel\Intel(R) Management Engine Components\DAL;C:\Program Files\Intel\Intel(R) Management Engine Components\IPT;C:\Program Files (x86)\Intel\Intel(R) Management Engine Components\DAL;C:\Program Files (x86)\Intel\Intel(R) Management Engine Components\IPT;C:\Program Files (x86)\MiKTeX 2.9\miktex\bin;C:\WINDOWS\system32;C:\WINDOWS;C:\WINDOWS\System32\Wbem;C:\WINDOWS\System32\WindowsPowerShell\v1.0;C:\Program Files (x86)\scala\bin;C:\Program Files (x86)\Skype\Phone;C:\Users\axel22\AppData\Local\Pandoc
USERNAME=axel22
SHELL=/bin/zsh
OS=Windows_NT
PROCESSOR_IDENTIFIER=Intel64 Family 6 Model 60 Stepping 3, GenuineIntel



---------------  S Y S T E M  ---------------

OS: Windows 8.1 , 64 bit Build 9600 

CPU:total 8 (4 cores per cpu, 2 threads per core) family 6 model 60 stepping 3, cmov, cx8, fxsr, mmx, sse, sse2, sse3, ssse3, sse4.1, sse4.2, popcnt, avx, avx2, aes, erms, ht, tsc, tscinvbit

Memory: 4k page, physical 16680128k(7185972k free), swap 67011776k(44959456k free)

vm_info: Java HotSpot(TM) 64-Bit Server VM (24.71-b01) for windows-amd64 JRE (1.7.0_71-b14), built on Sep 26 2014 16:16:12 by "java_re" with unknown MS VC++:1600

time: Thu Apr 16 19:27:06 2015
elapsed time: 0 seconds

