#
# A fatal error has been detected by the Java Runtime Environment:
#
#  EXCEPTION_ACCESS_VIOLATION (0xc0000005) at pc=0x00000000029e56a6, pid=1376, tid=8716
#
# JRE version: Java(TM) SE Runtime Environment (7.0_71-b14) (build 1.7.0_71-b14)
# Java VM: Java HotSpot(TM) 64-Bit Server VM (24.71-b01 mixed mode windows-amd64 compressed oops)
# Problematic frame:
# J 52 C2 scala.reactive.core.concurrent.SnapQueue$Segment.findLast(I)I (43 bytes) @ 0x00000000029e56a6 [0x00000000029e55a0+0x106]
#
# Failed to write core dump. Minidumps are not enabled by default on client versions of Windows
#
# If you would like to submit a bug report, please visit:
#   http://bugreport.sun.com/bugreport/crash.jsp
#

---------------  T H R E A D  ---------------

Current thread (0x0000000011e30800):  JavaThread "pool-1-thread-1" [_thread_in_Java, id=8716, stack(0x0000000012510000,0x0000000012610000)]

siginfo: ExceptionCode=0xc0000005, reading address 0x0000000000000010

Registers:
RAX=0x00000006fcbf7cb8, RBX=0x00000000f59b9778, RCX=0x00000000f59b9778, RDX=0x00000007acdcbba8
RSP=0x000000001260e550, RBP=0x00000000000003e6, RSI=0x00000007ab213800, RDI=0x00000006fc49a6f0
R8 =0x0000000000000001, R9 =0x00000000000003e6, R10=0x00000007acdcbba8, R11=0x0000000000000001
R12=0x0000000000000000, R13=0x000000001260e598, R14=0x000000001260e608, R15=0x0000000011e30800
RIP=0x00000000029e56a6, EFLAGS=0x0000000000010202

Top of Stack: (sp=0x000000001260e550)
0x000000001260e550:   000003e5fcbf9680 00000006fcc537a0
0x000000001260e560:   00000006fcbf9018 0000000000000000
0x000000001260e570:   000000001260e588 000000001260e5e8
0x000000001260e580:   000000001260e5e8 0000000002976274
0x000000001260e590:   0000000002976274 0000000000000000
0x000000001260e5a0:   00000007acdcbba8 000000001260e5a8
0x000000001260e5b0:   00000006fcbf7b39 000000001260e608
0x000000001260e5c0:   00000006fcbf9960 00000006fcc536a0
0x000000001260e5d0:   00000006fcbf7b78 000000001260e598
0x000000001260e5e0:   000000001260e5f8 000000001260e650
0x000000001260e5f0:   00000000029763f0 00000007ab206588
0x000000001260e600:   0000000000000000 00000007acdcbba8
0x000000001260e610:   000000001260e610 00000006fcbc22a1
0x000000001260e620:   000000001260e680 00000006fcbc29c8
0x000000001260e630:   0000000000000000 00000006fcbc2328
0x000000001260e640:   000000001260e5f8 000000001260e678 

Instructions: (pc=0x00000000029e56a6)
0x00000000029e5686:   4c 8b d9 49 c1 e3 03 8b 6c 24 04 ff c5 85 05 67
0x00000000029e5696:   a9 46 fe 4c 63 cd 47 8b 5c 8b 10 45 85 db 74 d3
0x00000000029e56a6:   47 8b 4c dc 08 4b 8b 4c cc 40 48 bf f0 a6 49 fc
0x00000000029e56b6:   06 00 00 00 48 3b cf 0f 84 ae 00 00 00 41 81 f9 


Register to memory mapping:

RAX=0x00000006fcbf7cb8 is an oop
{method} 
 - klass: {other class}
RBX=0x00000000f59b9778 is an unknown value
RCX=0x00000000f59b9778 is an unknown value
RDX=0x00000007acdcbba8 is an oop
scala.reactive.core.concurrent.SnapQueue$Segment 
 - klass: 'scala/reactive/core/concurrent/SnapQueue$Segment'
RSP=0x000000001260e550 is pointing into the stack for thread: 0x0000000011e30800
RBP=0x00000000000003e6 is an unknown value
RSI=0x00000007ab213800 is an oop
java.io.OutputStreamWriter 
 - klass: 'java/io/OutputStreamWriter'
RDI=0x00000006fc49a6f0 is an oop
{instance class} 
 - klass: {other class}
R8 =0x0000000000000001 is an unknown value
R9 =0x00000000000003e6 is an unknown value
R10=0x00000007acdcbba8 is an oop
scala.reactive.core.concurrent.SnapQueue$Segment 
 - klass: 'scala/reactive/core/concurrent/SnapQueue$Segment'
R11=0x0000000000000001 is an unknown value
R12=0x0000000000000000 is an unknown value
R13=0x000000001260e598 is pointing into the stack for thread: 0x0000000011e30800
R14=0x000000001260e608 is pointing into the stack for thread: 0x0000000011e30800
R15=0x0000000011e30800 is a thread


Stack: [0x0000000012510000,0x0000000012610000],  sp=0x000000001260e550,  free space=1017k
Native frames: (J=compiled Java code, j=interpreted, Vv=VM code, C=native code)
J 52 C2 scala.reactive.core.concurrent.SnapQueue$Segment.findLast(I)I (43 bytes) @ 0x00000000029e56a6 [0x00000000029e55a0+0x106]
j  scala.reactive.core.concurrent.SnapQueue$Segment.enq(ILjava/lang/Object;)Z+49
j  scala.reactive.core.concurrent.SnapQueueCheck$$anonfun$5.apply(Lscala/reactive/core/concurrent/SnapQueue$Segment;)Lorg/scalacheck/Prop;+73
j  scala.reactive.core.concurrent.SnapQueueCheck$$anonfun$5.apply(Ljava/lang/Object;)Ljava/lang/Object;+5
j  org.scalacheck.Prop$$anonfun$forAllShrink$1$$anonfun$3.apply()Lorg/scalacheck/Prop;+18
j  org.scalacheck.Prop$$anonfun$forAllShrink$1$$anonfun$3.apply()Ljava/lang/Object;+1
j  org.scalacheck.Prop$.secure(Lscala/Function0;Lscala/Function1;)Lorg/scalacheck/Prop;+2
j  org.scalacheck.Prop$$anonfun$forAllShrink$1.org$scalacheck$Prop$$anonfun$$result$1(Ljava/lang/Object;Lorg/scalacheck/Gen$Parameters;)Lorg/scalacheck/Prop$Result;+18
j  org.scalacheck.Prop$$anonfun$forAllShrink$1.apply(Lorg/scalacheck/Gen$Parameters;)Lorg/scalacheck/Prop$Result;+87
j  org.scalacheck.Prop$$anonfun$forAllShrink$1.apply(Ljava/lang/Object;)Ljava/lang/Object;+5
j  org.scalacheck.Prop$$anon$1.apply(Lorg/scalacheck/Gen$Parameters;)Lorg/scalacheck/Prop$Result;+5
j  org.scalacheck.Test$.org$scalacheck$Test$$workerFun$1(ILorg/scalacheck/Test$Parameters;Lorg/scalacheck/Prop;DDLscala/runtime/BooleanRef;Lorg/scalacheck/Gen$Parameters$Default;)Lorg/scalacheck/Test$Result;+90
j  org.scalacheck.Test$$anonfun$org$scalacheck$Test$$worker$1$1.apply()Lorg/scalacheck/Test$Result;+31
j  org.scalacheck.Test$$anonfun$org$scalacheck$Test$$worker$1$1.apply()Ljava/lang/Object;+1
j  org.scalacheck.Test$.check(Lorg/scalacheck/Test$Parameters;Lorg/scalacheck/Prop;)Lorg/scalacheck/Test$Result;+176
j  org.scalacheck.Test$$anonfun$checkProperties$1.apply(Lscala/Tuple2;)Lscala/Tuple2;+50
j  org.scalacheck.Test$$anonfun$checkProperties$1.apply(Ljava/lang/Object;)Ljava/lang/Object;+5
j  scala.collection.TraversableLike$$anonfun$map$1.apply(Ljava/lang/Object;)Lscala/collection/mutable/Builder;+9
j  scala.collection.TraversableLike$$anonfun$map$1.apply(Ljava/lang/Object;)Ljava/lang/Object;+2
j  scala.collection.immutable.List.foreach(Lscala/Function1;)V+15
j  scala.collection.generic.TraversableForwarder$class.foreach(Lscala/collection/generic/TraversableForwarder;Lscala/Function1;)V+7
j  scala.collection.mutable.ListBuffer.foreach(Lscala/Function1;)V+2
j  scala.collection.TraversableLike$class.map(Lscala/collection/TraversableLike;Lscala/Function1;Lscala/collection/generic/CanBuildFrom;)Ljava/lang/Object;+17
j  scala.collection.AbstractTraversable.map(Lscala/Function1;Lscala/collection/generic/CanBuildFrom;)Ljava/lang/Object;+3
j  org.scalacheck.Test$.checkProperties(Lorg/scalacheck/Test$Parameters;Lorg/scalacheck/Properties;)Lscala/collection/Seq;+18
j  org.scalacheck.ScalaCheckFramework$$anon$2.run(Ljava/lang/String;Lorg/scalatools/testing/Fingerprint;Lorg/scalatools/testing/EventHandler;[Ljava/lang/String;)V+204
j  sbt.RunnerWrapper$1.runRunner2(Lorg/scalatools/testing/Runner2;Lsbt/testing/Fingerprint;Lsbt/testing/EventHandler;)V+81
j  sbt.RunnerWrapper$1.execute(Lsbt/testing/EventHandler;[Lsbt/testing/Logger;)[Lsbt/testing/Task;+86
j  sbt.ForkMain$Run$2.call()[Lsbt/testing/Task;+71
j  sbt.ForkMain$Run$2.call()Ljava/lang/Object;+1
j  java.util.concurrent.FutureTask.run()V+42
j  java.util.concurrent.ThreadPoolExecutor.runWorker(Ljava/util/concurrent/ThreadPoolExecutor$Worker;)V+95
j  java.util.concurrent.ThreadPoolExecutor$Worker.run()V+5
j  java.lang.Thread.run()V+11
v  ~StubRoutines::call_stub
V  [jvm.dll+0x1cef93]


---------------  P R O C E S S  ---------------

Java Threads: ( => current thread )
=>0x0000000011e30800 JavaThread "pool-1-thread-1" [_thread_in_Java, id=8716, stack(0x0000000012510000,0x0000000012610000)]
  0x000000000296a800 JavaThread "Service Thread" daemon [_thread_blocked, id=184, stack(0x0000000012310000,0x0000000012410000)]
  0x0000000002966800 JavaThread "C2 CompilerThread1" daemon [_thread_blocked, id=6012, stack(0x0000000012210000,0x0000000012310000)]
  0x0000000002965000 JavaThread "C2 CompilerThread0" daemon [_thread_blocked, id=3676, stack(0x0000000012110000,0x0000000012210000)]
  0x0000000002960000 JavaThread "Attach Listener" daemon [_thread_blocked, id=6484, stack(0x0000000012010000,0x0000000012110000)]
  0x0000000011b31800 JavaThread "Signal Dispatcher" daemon [_thread_blocked, id=8328, stack(0x0000000011f10000,0x0000000012010000)]
  0x000000000fb2f800 JavaThread "Finalizer" daemon [_thread_blocked, id=524, stack(0x0000000011a10000,0x0000000011b10000)]
  0x000000000fb29000 JavaThread "Reference Handler" daemon [_thread_blocked, id=6396, stack(0x0000000011910000,0x0000000011a10000)]
  0x000000000269e800 JavaThread "main" [_thread_blocked, id=11196, stack(0x0000000002770000,0x0000000002870000)]

Other Threads:
  0x000000000fb25800 VMThread [stack: 0x0000000011810000,0x0000000011910000] [id=4360]
  0x0000000011b4a000 WatcherThread [stack: 0x0000000012410000,0x0000000012510000] [id=8516]

VM state:not at safepoint (normal execution)

VM Mutex/Monitor currently owned by a thread: None

Heap
 PSYoungGen      total 76288K, used 30271K [0x00000007ab200000, 0x00000007b0700000, 0x0000000800000000)
  eden space 65536K, 46% used [0x00000007ab200000,0x00000007acf8ff30,0x00000007af200000)
  from space 10752K, 0% used [0x00000007afc80000,0x00000007afc80000,0x00000007b0700000)
  to   space 10752K, 0% used [0x00000007af200000,0x00000007af200000,0x00000007afc80000)
 ParOldGen       total 173568K, used 0K [0x0000000701600000, 0x000000070bf80000, 0x00000007ab200000)
  object space 173568K, 0% used [0x0000000701600000,0x0000000701600000,0x000000070bf80000)
 PSPermGen       total 21504K, used 8572K [0x00000006fc400000, 0x00000006fd900000, 0x0000000701600000)
  object space 21504K, 39% used [0x00000006fc400000,0x00000006fcc5f320,0x00000006fd900000)

Card table byte_map: [0x0000000005970000,0x0000000006190000] byte_map_base: 0x000000000218e000

Polling page: 0x0000000000e50000

Code Cache  [0x0000000002970000, 0x0000000002be0000, 0x0000000005970000)
 total_blobs=370 nmethods=120 adapters=203 free_code_cache=48494Kb largest_free_block=49633280

Compilation events (10 events):
Event: 0.783 Thread 0x0000000002965000 nmethod 101 0x0000000002a16390 code [0x0000000002a16540, 0x0000000002a17268]
Event: 0.783 Thread 0x0000000002965000  104             scala.collection.Parallelizable$class::$init$ (1 bytes)
Event: 0.783 Thread 0x0000000002966800 nmethod 102 0x00000000029f6790 code [0x00000000029f6900, 0x00000000029f6e98]
Event: 0.783 Thread 0x0000000002966800  105             scala.collection.TraversableLike$class::$init$ (1 bytes)
Event: 0.783 Thread 0x0000000002965000 nmethod 104 0x00000000029f65d0 code [0x00000000029f6700, 0x00000000029f6738]
Event: 0.783 Thread 0x0000000002965000  106             scala.collection.IterableLike$class::$init$ (1 bytes)
Event: 0.783 Thread 0x0000000002966800 nmethod 105 0x0000000002a0d710 code [0x0000000002a0d840, 0x0000000002a0d878]
Event: 0.783 Thread 0x0000000002965000 nmethod 106 0x0000000002a0d550 code [0x0000000002a0d680, 0x0000000002a0d6b8]
Event: 0.783 Thread 0x0000000002966800  107             scala.collection.AbstractIterable::<init> (17 bytes)
Event: 0.783 Thread 0x0000000002965000  108             scala.collection.AbstractTraversable::<init> (29 bytes)

GC Heap History (0 events):
No events

Deoptimization events (6 events):
Event: 0.385 Thread 0x0000000011e30800 Uncommon trap: reason=class_check action=maybe_recompile pc=0x00000000029d3780 method=java.util.Properties$LineReader.readLine()I @ 62
Event: 0.385 Thread 0x0000000011e30800 Uncommon trap: reason=class_check action=maybe_recompile pc=0x00000000029d3780 method=java.util.Properties$LineReader.readLine()I @ 62
Event: 0.562 Thread 0x0000000011e30800 Uncommon trap: reason=null_check action=make_not_entrant pc=0x00000000029db868 method=java.lang.String.equals(Ljava/lang/Object;)Z @ 8
Event: 0.605 Thread 0x0000000011e30800 Uncommon trap: reason=null_check action=make_not_entrant pc=0x00000000029eee64 method=scala.runtime.BoxesRunTime.equals2(Ljava/lang/Object;Ljava/lang/Object;)Z @ 48
Event: 0.607 Thread 0x0000000011e30800 Uncommon trap: reason=null_check action=make_not_entrant pc=0x00000000029f1354 method=scala.runtime.BoxesRunTime.equals2(Ljava/lang/Object;Ljava/lang/Object;)Z @ 48
Event: 0.710 Thread 0x0000000011e30800 Uncommon trap: reason=null_check action=make_not_entrant pc=0x0000000002a000f4 method=java.util.jar.JarFile.getJarEntry(Ljava/lang/String;)Ljava/util/jar/JarEntry; @ 5

Internal exceptions (10 events):
Event: 0.710 Thread 0x0000000011e30800 Threw 0x00000007acc54a18 at C:\re\jdk7u71\1605\hotspot\src\share\vm\prims\jvm.cpp:1281
Event: 0.710 Thread 0x0000000011e30800 Threw 0x00000007acc57640 at C:\re\jdk7u71\1605\hotspot\src\share\vm\prims\jvm.cpp:1281
Event: 0.710 Thread 0x0000000011e30800 Implicit null exception at 0x00000000029fd924 to 0x0000000002a000c5
Event: 0.711 Thread 0x0000000011e30800 Threw 0x00000007acc5c9d0 at C:\re\jdk7u71\1605\hotspot\src\share\vm\prims\jvm.cpp:1281
Event: 0.711 Thread 0x0000000011e30800 Threw 0x00000007acc61e38 at C:\re\jdk7u71\1605\hotspot\src\share\vm\prims\jvm.cpp:1281
Event: 0.717 Thread 0x0000000011e30800 Threw 0x00000007acc94288 at C:\re\jdk7u71\1605\hotspot\src\share\vm\prims\jvm.cpp:1281
Event: 0.718 Thread 0x0000000011e30800 Threw 0x00000007acc96f98 at C:\re\jdk7u71\1605\hotspot\src\share\vm\prims\jvm.cpp:1281
Event: 0.719 Thread 0x0000000011e30800 Threw 0x00000007acc9b9f0 at C:\re\jdk7u71\1605\hotspot\src\share\vm\prims\jvm.cpp:1281
Event: 0.720 Thread 0x0000000011e30800 Threw 0x00000007acca5230 at C:\re\jdk7u71\1605\hotspot\src\share\vm\prims\jvm.cpp:1281
Event: 0.784 Thread 0x0000000011e30800 Implicit null exception at 0x00000000029e56a6 to 0x0000000000000000

Events (10 events):
Event: 0.711 loading class 0x0000000012654840
Event: 0.711 loading class 0x0000000012654840 done
Event: 0.717 loading class 0x0000000012640fe0
Event: 0.717 loading class 0x0000000012640fe0 done
Event: 0.718 loading class 0x00000000126418e0
Event: 0.718 loading class 0x00000000126418e0 done
Event: 0.719 loading class 0x0000000012736480
Event: 0.719 loading class 0x0000000012736480 done
Event: 0.720 loading class 0x0000000011dbfd80
Event: 0.720 loading class 0x0000000011dbfd80 done


Dynamic libraries:
0x00007ff6cc0c0000 - 0x00007ff6cc0f3000 	C:\Program Files\Java\jdk1.7.0_71\jre\bin\java.exe
0x00007ffefe110000 - 0x00007ffefe2bc000 	C:\WINDOWS\SYSTEM32\ntdll.dll
0x00007ffefbb70000 - 0x00007ffefbcae000 	C:\WINDOWS\system32\KERNEL32.DLL
0x00007ffefb330000 - 0x00007ffefb445000 	C:\WINDOWS\system32\KERNELBASE.dll
0x00007ffef9ce0000 - 0x00007ffef9d6e000 	C:\WINDOWS\system32\apphelp.dll
0x00007ffeede50000 - 0x00007ffeedea3000 	C:\WINDOWS\AppPatch\AppPatch64\AcGenral.DLL
0x00007ffefbd70000 - 0x00007ffefbe1a000 	C:\WINDOWS\system32\msvcrt.dll
0x00007ffefb100000 - 0x00007ffefb12e000 	C:\WINDOWS\SYSTEM32\SspiCli.dll
0x00007ffefdd00000 - 0x00007ffefdd54000 	C:\WINDOWS\system32\SHLWAPI.dll
0x00007ffefdb20000 - 0x00007ffefdc97000 	C:\WINDOWS\system32\USER32.dll
0x00007ffefc3f0000 - 0x00007ffefc584000 	C:\WINDOWS\system32\ole32.dll
0x00007ffefc600000 - 0x00007ffefdb18000 	C:\WINDOWS\system32\SHELL32.dll
0x00007ffefa840000 - 0x00007ffefa861000 	C:\WINDOWS\SYSTEM32\USERENV.dll
0x00007ffefc190000 - 0x00007ffefc23a000 	C:\WINDOWS\system32\ADVAPI32.dll
0x00007ffeeb4f0000 - 0x00007ffeeb50e000 	C:\WINDOWS\SYSTEM32\MPR.dll
0x00007ffefbf80000 - 0x00007ffefc0c1000 	C:\WINDOWS\system32\RPCRT4.dll
0x00007ffefbcb0000 - 0x00007ffefbd09000 	C:\WINDOWS\SYSTEM32\sechost.dll
0x00007ffefdd60000 - 0x00007ffefdf71000 	C:\WINDOWS\SYSTEM32\combase.dll
0x00007ffefdf80000 - 0x00007ffefe0d1000 	C:\WINDOWS\system32\GDI32.dll
0x00007ffefb260000 - 0x00007ffefb275000 	C:\WINDOWS\SYSTEM32\profapi.dll
0x00007ffef9db0000 - 0x00007ffef9e62000 	C:\WINDOWS\SYSTEM32\SHCORE.dll
0x00007ffefbb30000 - 0x00007ffefbb66000 	C:\WINDOWS\system32\IMM32.DLL
0x00007ffefbe20000 - 0x00007ffefbf71000 	C:\WINDOWS\system32\MSCTF.dll
0x00007ffef9620000 - 0x00007ffef989b000 	C:\WINDOWS\WinSxS\amd64_microsoft.windows.common-controls_6595b64144ccf1df_6.0.9600.17415_none_6240486fecbd8abb\COMCTL32.dll
0x00000000676b0000 - 0x0000000067782000 	C:\Program Files\Java\jdk1.7.0_71\jre\bin\msvcr100.dll
0x0000000066ed0000 - 0x00000000676a3000 	C:\Program Files\Java\jdk1.7.0_71\jre\bin\server\jvm.dll
0x00007ffef7530000 - 0x00007ffef7539000 	C:\WINDOWS\SYSTEM32\WSOCK32.dll
0x00007ffef98a0000 - 0x00007ffef98c2000 	C:\WINDOWS\SYSTEM32\WINMM.dll
0x00007ffefb850000 - 0x00007ffefb857000 	C:\WINDOWS\system32\PSAPI.DLL
0x00007ffefdca0000 - 0x00007ffefdcfa000 	C:\WINDOWS\system32\WS2_32.dll
0x00007ffef95b0000 - 0x00007ffef95da000 	C:\WINDOWS\SYSTEM32\WINMMBASE.dll
0x00007ffefe100000 - 0x00007ffefe109000 	C:\WINDOWS\system32\NSI.dll
0x00007ffefb6e0000 - 0x00007ffefb72f000 	C:\WINDOWS\SYSTEM32\cfgmgr32.dll
0x00007ffefa060000 - 0x00007ffefa088000 	C:\WINDOWS\SYSTEM32\DEVOBJ.dll
0x0000000068660000 - 0x000000006866f000 	C:\Program Files\Java\jdk1.7.0_71\jre\bin\verify.dll
0x0000000066ea0000 - 0x0000000066ec8000 	C:\Program Files\Java\jdk1.7.0_71\jre\bin\java.dll
0x0000000066e80000 - 0x0000000066e95000 	C:\Program Files\Java\jdk1.7.0_71\jre\bin\zip.dll
0x0000000066e60000 - 0x0000000066e79000 	C:\Program Files\Java\jdk1.7.0_71\jre\bin\net.dll
0x00007ffefab40000 - 0x00007ffefab99000 	C:\WINDOWS\system32\mswsock.dll
0x00007ffef59d0000 - 0x00007ffef5b5a000 	C:\WINDOWS\SYSTEM32\dbghelp.dll

VM Arguments:
java_command: sbt.ForkMain 64503
Launcher Type: SUN_STANDARD

Environment Variables:
PATH=C:\cygwin\bin;C:\cygwin\home\axel22\bin;C:\cygwin\usr\local\bin;C:\cygwin\usr\local\bin;C:\cygwin\bin;C:\cygwin\bin;C:\Program Files (x86)\SumatraPDF;C:\Program Files\Java\jdk1.7.0_71\bin;C:\cygwin\bin;C:\Program Files\Dell\DW WLAN Card;C:\Program Files (x86)\SumatraPDF;C:\Program Files (x86)\Intel\iCLS Client;C:\Program Files\Intel\iCLS Client;C:\Windows\system32;C:\Windows;C:\Windows\System32\Wbem;C:\Windows\System32\WindowsPowerShell\v1.0;C:\Program Files\WIDCOMM\Bluetooth Software;C:\Program Files\WIDCOMM\Bluetooth Software\syswow64;C:\Program Files\Common Files\Autodesk Shared;C:\Program Files (x86)\Autodesk\Backburner;C:\Program Files (x86)\GNU\GnuPG\pub;C:\Program Files\Intel\Intel(R) Management Engine Components\DAL;C:\Program Files\Intel\Intel(R) Management Engine Components\IPT;C:\Program Files (x86)\Intel\Intel(R) Management Engine Components\DAL;C:\Program Files (x86)\Intel\Intel(R) Management Engine Components\IPT;C:\Program Files (x86)\MiKTeX 2.9\miktex\bin;C:\WINDOWS\system32;C:\WINDOWS;C:\WINDOWS\System32\Wbem;C:\WINDOWS\System32\WindowsPowerShell\v1.0;C:\Program Files (x86)\scala\bin;C:\Program Files (x86)\Skype\Phone;C:\Users\axel22\AppData\Local\Pandoc
USERNAME=axel22
SHELL=/bin/zsh
OS=Windows_NT
PROCESSOR_IDENTIFIER=Intel64 Family 6 Model 60 Stepping 3, GenuineIntel



---------------  S Y S T E M  ---------------

OS: Windows 8.1 , 64 bit Build 9600 

CPU:total 8 (4 cores per cpu, 2 threads per core) family 6 model 60 stepping 3, cmov, cx8, fxsr, mmx, sse, sse2, sse3, ssse3, sse4.1, sse4.2, popcnt, avx, avx2, aes, erms, ht, tsc, tscinvbit

Memory: 4k page, physical 16680128k(7182536k free), swap 67011776k(44948548k free)

vm_info: Java HotSpot(TM) 64-Bit Server VM (24.71-b01) for windows-amd64 JRE (1.7.0_71-b14), built on Sep 26 2014 16:16:12 by "java_re" with unknown MS VC++:1600

time: Thu Apr 16 19:24:06 2015
elapsed time: 0 seconds

